


ARM Macro Assembler    Page 1 


    1 00000000         ;/******************************************************
                       *************************
    2 00000000         ; * SmartFusion2  startup code for Keil-MDK.
    3 00000000         ; *
    4 00000000         ; * SmartFusion2 vector table and startup code fir RealV
                       iew tool chain.
    5 00000000         ; *
    6 00000000         ; * SVN $Revision: 4825 $
    7 00000000         ; * SVN $Date: 2012-12-14 11:05:13 +0000 (Fri, 14 Dec 20
                       12) $
    8 00000000         ; */
    9 00000000         
   10 00000000         ; *------- <<< Use Configuration Wizard in Context Menu 
                       >>> ------------------
   11 00000000         
   12 00000000         
   13 00000000         ; <h> Stack Configuration
   14 00000000         ;   <o> Stack Size (in Bytes) <0x0-0xFFFFFFFF:8>
   15 00000000         ; </h>
   16 00000000         
   17 00000000 00002000 
                       Stack_Size
                               EQU              0x00002000
   18 00000000         
   19 00000000                 AREA             STACK, NOINIT, READWRITE, ALIGN
=3
   20 00000000         Stack_Mem
                               SPACE            Stack_Size
   21 00002000         __initial_sp
   22 00002000         
   23 00002000         
   24 00002000         ; <h> Heap Configuration
   25 00002000         ;   <o>  Heap Size (in Bytes) <0x0-0xFFFFFFFF:8>
   26 00002000         ; </h>
   27 00002000         
   28 00002000 00000800 
                       Heap_Size
                               EQU              0x00000800
   29 00002000         
   30 00002000                 AREA             HEAP, NOINIT, READWRITE, ALIGN=
3
   31 00000000         __heap_base
   32 00000000         Heap_Mem
                               SPACE            Heap_Size
   33 00000800         __heap_limit
   34 00000800         
   35 00000800         
   36 00000800                 PRESERVE8
   37 00000800                 THUMB
   38 00000800         
   39 00000800         
   40 00000800         ;-------------------------------------------------------
                       ------------------------
   41 00000800         ; Vector Table Mapped to Address 0 at Reset
   42 00000800                 AREA             RESET, DATA, READONLY
   43 00000000                 EXPORT           __Vectors
   44 00000000                 EXPORT           __Vectors_End
   45 00000000                 EXPORT           __Vectors_Size
   46 00000000         



ARM Macro Assembler    Page 2 


   47 00000000 00000000 
                       __Vectors
                               DCD              __initial_sp ; Top of Stack
   48 00000004 00000000        DCD              Reset_Handler ; Reset Handler
   49 00000008 00000000        DCD              NMI_Handler ; NMI Handler
   50 0000000C 00000000        DCD              HardFault_Handler ; Hard Fault 
                                                            Handler
   51 00000010 00000000        DCD              MemManage_Handler 
                                                            ; MPU Fault Handler
                                                            
   52 00000014 00000000        DCD              BusFault_Handler 
                                                            ; Bus Fault Handler
                                                            
   53 00000018 00000000        DCD              UsageFault_Handler ; Usage Faul
                                                            t Handler
   54 0000001C 00000000        DCD              0           ; Reserved
   55 00000020 00000000        DCD              0           ; Reserved
   56 00000024 00000000        DCD              0           ; Reserved
   57 00000028 00000000        DCD              0           ; Reserved
   58 0000002C 00000000        DCD              SVC_Handler ; SVCall Handler
   59 00000030 00000000        DCD              DebugMon_Handler ; Debug Monito
                                                            r Handler
   60 00000034 00000000        DCD              0           ; Reserved
   61 00000038 00000000        DCD              OS_CPU_PendSVHandler 
                                                            ; PendSV Handler
   62 0000003C 00000000        DCD              OS_CPU_SysTickHandler 
                                                            ; SysTick Handler
   63 00000040         
   64 00000040         ; External Interrupts
   65 00000040 00000000        DCD              WdogWakeup_IRQHandler
   66 00000044 00000000        DCD              RTC_Wakeup_IRQHandler
   67 00000048 00000000        DCD              SPI0_IRQHandler
   68 0000004C 00000000        DCD              SPI1_IRQHandler
   69 00000050 00000000        DCD              I2C0_IRQHandler
   70 00000054 00000000        DCD              I2C0_SMBAlert_IRQHandler
   71 00000058 00000000        DCD              I2C0_SMBus_IRQHandler
   72 0000005C 00000000        DCD              I2C1_IRQHandler
   73 00000060 00000000        DCD              I2C1_SMBAlert_IRQHandler
   74 00000064 00000000        DCD              I2C1_SMBus_IRQHandler
   75 00000068 00000000        DCD              UART0_IRQHandler
   76 0000006C 00000000        DCD              UART1_IRQHandler
   77 00000070 00000000        DCD              EthernetMAC_IRQHandler
   78 00000074 00000000        DCD              DMA_IRQHandler
   79 00000078 00000000        DCD              Timer1_IRQHandler
   80 0000007C 00000000        DCD              Timer2_IRQHandler
   81 00000080 00000000        DCD              CAN_IRQHandler
   82 00000084 00000000        DCD              ENVM0_IRQHandler
   83 00000088 00000000        DCD              ENVM1_IRQHandler
   84 0000008C 00000000        DCD              ComBlk_IRQHandler
   85 00000090 00000000        DCD              USB_IRQHandler
   86 00000094 00000000        DCD              USB_DMA_IRQHandler
   87 00000098 00000000        DCD              PLL_Lock_IRQHandler
   88 0000009C 00000000        DCD              PLL_LockLost_IRQHandler
   89 000000A0 00000000        DCD              CommSwitchError_IRQHandler
   90 000000A4 00000000        DCD              CacheError_IRQHandler
   91 000000A8 00000000        DCD              DDR_IRQHandler
   92 000000AC 00000000        DCD              HPDMA_Complete_IRQHandler
   93 000000B0 00000000        DCD              HPDMA_Error_IRQHandler
   94 000000B4 00000000        DCD              ECC_Error_IRQHandler



ARM Macro Assembler    Page 3 


   95 000000B8 00000000        DCD              MDDR_IOCalib_IRQHandler
   96 000000BC 00000000        DCD              FAB_PLL_Lock_IRQHandler
   97 000000C0 00000000        DCD              FAB_PLL_LockLost_IRQHandler
   98 000000C4 00000000        DCD              FIC64_IRQHandler
   99 000000C8 00000000        DCD              FabricIrq0_IRQHandler
  100 000000CC 00000000        DCD              FabricIrq1_IRQHandler
  101 000000D0 00000000        DCD              FabricIrq2_IRQHandler
  102 000000D4 00000000        DCD              FabricIrq3_IRQHandler
  103 000000D8 00000000        DCD              FabricIrq4_IRQHandler
  104 000000DC 00000000        DCD              FabricIrq5_IRQHandler
  105 000000E0 00000000        DCD              FabricIrq6_IRQHandler
  106 000000E4 00000000        DCD              FabricIrq7_IRQHandler
  107 000000E8 00000000        DCD              FabricIrq8_IRQHandler
  108 000000EC 00000000        DCD              FabricIrq9_IRQHandler
  109 000000F0 00000000        DCD              FabricIrq10_IRQHandler
  110 000000F4 00000000        DCD              FabricIrq11_IRQHandler
  111 000000F8 00000000        DCD              FabricIrq12_IRQHandler
  112 000000FC 00000000        DCD              FabricIrq13_IRQHandler
  113 00000100 00000000        DCD              FabricIrq14_IRQHandler
  114 00000104 00000000        DCD              FabricIrq15_IRQHandler
  115 00000108 00000000        DCD              GPIO0_IRQHandler
  116 0000010C 00000000        DCD              GPIO1_IRQHandler
  117 00000110 00000000        DCD              GPIO2_IRQHandler
  118 00000114 00000000        DCD              GPIO3_IRQHandler
  119 00000118 00000000        DCD              GPIO4_IRQHandler
  120 0000011C 00000000        DCD              GPIO5_IRQHandler
  121 00000120 00000000        DCD              GPIO6_IRQHandler
  122 00000124 00000000        DCD              GPIO7_IRQHandler
  123 00000128 00000000        DCD              GPIO8_IRQHandler
  124 0000012C 00000000        DCD              GPIO9_IRQHandler
  125 00000130 00000000        DCD              GPIO10_IRQHandler
  126 00000134 00000000        DCD              GPIO11_IRQHandler
  127 00000138 00000000        DCD              GPIO12_IRQHandler
  128 0000013C 00000000        DCD              GPIO13_IRQHandler
  129 00000140 00000000        DCD              GPIO14_IRQHandler
  130 00000144 00000000        DCD              GPIO15_IRQHandler
  131 00000148 00000000        DCD              GPIO16_IRQHandler
  132 0000014C 00000000        DCD              GPIO17_IRQHandler
  133 00000150 00000000        DCD              GPIO18_IRQHandler
  134 00000154 00000000        DCD              GPIO19_IRQHandler
  135 00000158 00000000        DCD              GPIO20_IRQHandler
  136 0000015C 00000000        DCD              GPIO21_IRQHandler
  137 00000160 00000000        DCD              GPIO22_IRQHandler
  138 00000164 00000000        DCD              GPIO23_IRQHandler
  139 00000168 00000000        DCD              GPIO24_IRQHandler
  140 0000016C 00000000        DCD              GPIO25_IRQHandler
  141 00000170 00000000        DCD              GPIO26_IRQHandler
  142 00000174 00000000        DCD              GPIO27_IRQHandler
  143 00000178 00000000        DCD              GPIO28_IRQHandler
  144 0000017C 00000000        DCD              GPIO29_IRQHandler
  145 00000180 00000000        DCD              GPIO30_IRQHandler
  146 00000184 00000000        DCD              GPIO31_IRQHandler
  147 00000188         
  148 00000188         __Vectors_End
  149 00000188         
  150 00000188 00000188 
                       __Vectors_Size
                               EQU              __Vectors_End - __Vectors
  151 00000188         



ARM Macro Assembler    Page 4 


  152 00000188                 AREA             |.text|, CODE, READONLY
  153 00000000         
  154 00000000         
  155 00000000         
  156 00000000         ;-------------------------------------------------------
                       ------------------------
  157 00000000         ; Reset Handler
  158 00000000         ;
  159 00000000         Reset_Handler
                               PROC
  160 00000000                 EXPORT           Reset_Handler             [WEAK
]
  161 00000000                 IMPORT           SystemInit
  162 00000000                 IMPORT           __main
  163 00000000 480A            LDR              R0, =SystemInit
  164 00000002 4780            BLX              R0
  165 00000004 480A            LDR              R0, =__main
  166 00000006 4700            BX               R0
  167 00000008                 ENDP
  168 00000008         
  169 00000008         ;-------------------------------------------------------
                       ------------------------
  170 00000008         ; Dummy Exception Handlers (infinite loops which can be 
                       modified)                
  171 00000008         
  172 00000008         NMI_Handler
                               PROC
  173 00000008                 EXPORT           NMI_Handler                [WEA
K]
  174 00000008 E7FE            B                .
  175 0000000A                 ENDP
  177 0000000A         HardFault_Handler
                               PROC
  178 0000000A                 EXPORT           HardFault_Handler          [WEA
K]
  179 0000000A E7FE            B                .
  180 0000000C                 ENDP
  182 0000000C         MemManage_Handler
                               PROC
  183 0000000C                 EXPORT           MemManage_Handler          [WEA
K]
  184 0000000C E7FE            B                .
  185 0000000E                 ENDP
  187 0000000E         BusFault_Handler
                               PROC
  188 0000000E                 EXPORT           BusFault_Handler           [WEA
K]
  189 0000000E E7FE            B                .
  190 00000010                 ENDP
  192 00000010         UsageFault_Handler
                               PROC
  193 00000010                 EXPORT           UsageFault_Handler         [WEA
K]
  194 00000010 E7FE            B                .
  195 00000012                 ENDP
  196 00000012         SVC_Handler
                               PROC
  197 00000012                 EXPORT           SVC_Handler                [WEA
K]



ARM Macro Assembler    Page 5 


  198 00000012 E7FE            B                .
  199 00000014                 ENDP
  201 00000014         DebugMon_Handler
                               PROC
  202 00000014                 EXPORT           DebugMon_Handler           [WEA
K]
  203 00000014 E7FE            B                .
  204 00000016                 ENDP
  205 00000016         OS_CPU_PendSVHandler
                               PROC
  206 00000016                 EXPORT           OS_CPU_PendSVHandler           
  [WEAK]
  207 00000016 E7FE            B                .
  208 00000018                 ENDP
  209 00000018         OS_CPU_SysTickHandler
                               PROC
  210 00000018                 EXPORT           OS_CPU_SysTickHandler          
  [WEAK]
  211 00000018 E7FE            B                .
  212 0000001A                 ENDP
  213 0000001A         
  214 0000001A         Default_Handler
                               PROC
  215 0000001A         
  216 0000001A                 EXPORT           WdogWakeup_IRQHandler          
 [WEAK]
  217 0000001A                 EXPORT           RTC_Wakeup_IRQHandler          
 [WEAK]
  218 0000001A                 EXPORT           SPI0_IRQHandler                
 [WEAK]
  219 0000001A                 EXPORT           SPI1_IRQHandler                
 [WEAK]
  220 0000001A                 EXPORT           I2C0_IRQHandler                
 [WEAK]
  221 0000001A                 EXPORT           I2C0_SMBAlert_IRQHandler       
 [WEAK]
  222 0000001A                 EXPORT           I2C0_SMBus_IRQHandler          
 [WEAK]
  223 0000001A                 EXPORT           I2C1_IRQHandler                
 [WEAK]
  224 0000001A                 EXPORT           I2C1_SMBAlert_IRQHandler       
 [WEAK]
  225 0000001A                 EXPORT           I2C1_SMBus_IRQHandler          
 [WEAK]
  226 0000001A                 EXPORT           UART0_IRQHandler               
 [WEAK]
  227 0000001A                 EXPORT           UART1_IRQHandler               
 [WEAK]
  228 0000001A                 EXPORT           EthernetMAC_IRQHandler         
 [WEAK]
  229 0000001A                 EXPORT           DMA_IRQHandler                 
 [WEAK]
  230 0000001A                 EXPORT           Timer1_IRQHandler              
 [WEAK]
  231 0000001A                 EXPORT           Timer2_IRQHandler              
 [WEAK]
  232 0000001A                 EXPORT           CAN_IRQHandler                 
 [WEAK]
  233 0000001A                 EXPORT           ENVM0_IRQHandler               



ARM Macro Assembler    Page 6 


 [WEAK]
  234 0000001A                 EXPORT           ENVM1_IRQHandler               
 [WEAK]
  235 0000001A                 EXPORT           ComBlk_IRQHandler              
 [WEAK]
  236 0000001A                 EXPORT           USB_IRQHandler                 
 [WEAK]
  237 0000001A                 EXPORT           USB_DMA_IRQHandler             
 [WEAK]
  238 0000001A                 EXPORT           PLL_Lock_IRQHandler            
 [WEAK]
  239 0000001A                 EXPORT           PLL_LockLost_IRQHandler        
 [WEAK]
  240 0000001A                 EXPORT           CommSwitchError_IRQHandler     
 [WEAK]
  241 0000001A                 EXPORT           CacheError_IRQHandler          
 [WEAK]
  242 0000001A                 EXPORT           DDR_IRQHandler                 
 [WEAK]
  243 0000001A                 EXPORT           HPDMA_Complete_IRQHandler      
 [WEAK]
  244 0000001A                 EXPORT           HPDMA_Error_IRQHandler         
 [WEAK]
  245 0000001A                 EXPORT           ECC_Error_IRQHandler           
 [WEAK]
  246 0000001A                 EXPORT           MDDR_IOCalib_IRQHandler        
 [WEAK]
  247 0000001A                 EXPORT           FAB_PLL_Lock_IRQHandler        
 [WEAK]
  248 0000001A                 EXPORT           FAB_PLL_LockLost_IRQHandler    
 [WEAK]
  249 0000001A                 EXPORT           FIC64_IRQHandler               
 [WEAK]
  250 0000001A                 EXPORT           FabricIrq0_IRQHandler          
 [WEAK]
  251 0000001A                 EXPORT           FabricIrq1_IRQHandler          
 [WEAK]
  252 0000001A                 EXPORT           FabricIrq2_IRQHandler          
 [WEAK]
  253 0000001A                 EXPORT           FabricIrq3_IRQHandler          
 [WEAK]
  254 0000001A                 EXPORT           FabricIrq4_IRQHandler          
 [WEAK]
  255 0000001A                 EXPORT           FabricIrq5_IRQHandler          
 [WEAK]
  256 0000001A                 EXPORT           FabricIrq6_IRQHandler          
 [WEAK]
  257 0000001A                 EXPORT           FabricIrq7_IRQHandler          
 [WEAK]
  258 0000001A                 EXPORT           FabricIrq8_IRQHandler          
 [WEAK]
  259 0000001A                 EXPORT           FabricIrq9_IRQHandler          
 [WEAK]
  260 0000001A                 EXPORT           FabricIrq10_IRQHandler         
 [WEAK]
  261 0000001A                 EXPORT           FabricIrq11_IRQHandler         
 [WEAK]
  262 0000001A                 EXPORT           FabricIrq12_IRQHandler         
 [WEAK]



ARM Macro Assembler    Page 7 


  263 0000001A                 EXPORT           FabricIrq13_IRQHandler         
 [WEAK]
  264 0000001A                 EXPORT           FabricIrq14_IRQHandler         
 [WEAK]
  265 0000001A                 EXPORT           FabricIrq15_IRQHandler         
 [WEAK]
  266 0000001A                 EXPORT           GPIO0_IRQHandler               
 [WEAK]
  267 0000001A                 EXPORT           GPIO1_IRQHandler               
 [WEAK]
  268 0000001A                 EXPORT           GPIO2_IRQHandler               
 [WEAK]
  269 0000001A                 EXPORT           GPIO3_IRQHandler               
 [WEAK]
  270 0000001A                 EXPORT           GPIO4_IRQHandler               
 [WEAK]
  271 0000001A                 EXPORT           GPIO5_IRQHandler               
 [WEAK]
  272 0000001A                 EXPORT           GPIO6_IRQHandler               
 [WEAK]
  273 0000001A                 EXPORT           GPIO7_IRQHandler               
 [WEAK]
  274 0000001A                 EXPORT           GPIO8_IRQHandler               
 [WEAK]
  275 0000001A                 EXPORT           GPIO9_IRQHandler               
 [WEAK]
  276 0000001A                 EXPORT           GPIO10_IRQHandler              
 [WEAK]
  277 0000001A                 EXPORT           GPIO11_IRQHandler              
 [WEAK]
  278 0000001A                 EXPORT           GPIO12_IRQHandler              
 [WEAK]
  279 0000001A                 EXPORT           GPIO13_IRQHandler              
 [WEAK]
  280 0000001A                 EXPORT           GPIO14_IRQHandler              
 [WEAK]
  281 0000001A                 EXPORT           GPIO15_IRQHandler              
 [WEAK]
  282 0000001A                 EXPORT           GPIO16_IRQHandler              
 [WEAK]
  283 0000001A                 EXPORT           GPIO17_IRQHandler              
 [WEAK]
  284 0000001A                 EXPORT           GPIO18_IRQHandler              
 [WEAK]
  285 0000001A                 EXPORT           GPIO19_IRQHandler              
 [WEAK]
  286 0000001A                 EXPORT           GPIO20_IRQHandler              
 [WEAK]
  287 0000001A                 EXPORT           GPIO21_IRQHandler              
 [WEAK]
  288 0000001A                 EXPORT           GPIO22_IRQHandler              
 [WEAK]
  289 0000001A                 EXPORT           GPIO23_IRQHandler              
 [WEAK]
  290 0000001A                 EXPORT           GPIO24_IRQHandler              
 [WEAK]
  291 0000001A                 EXPORT           GPIO25_IRQHandler              
 [WEAK]
  292 0000001A                 EXPORT           GPIO26_IRQHandler              



ARM Macro Assembler    Page 8 


 [WEAK]
  293 0000001A                 EXPORT           GPIO27_IRQHandler              
 [WEAK]
  294 0000001A                 EXPORT           GPIO28_IRQHandler              
 [WEAK]
  295 0000001A                 EXPORT           GPIO29_IRQHandler              
 [WEAK]
  296 0000001A                 EXPORT           GPIO30_IRQHandler              
 [WEAK]
  297 0000001A                 EXPORT           GPIO31_IRQHandler              
 [WEAK]
  298 0000001A         
  299 0000001A         
  300 0000001A         WdogWakeup_IRQHandler
  301 0000001A         RTC_Wakeup_IRQHandler
  302 0000001A         SPI0_IRQHandler
  303 0000001A         SPI1_IRQHandler
  304 0000001A         I2C0_IRQHandler
  305 0000001A         I2C0_SMBAlert_IRQHandler
  306 0000001A         I2C0_SMBus_IRQHandler
  307 0000001A         I2C1_IRQHandler
  308 0000001A         I2C1_SMBAlert_IRQHandler
  309 0000001A         I2C1_SMBus_IRQHandler
  310 0000001A         UART0_IRQHandler
  311 0000001A         UART1_IRQHandler
  312 0000001A         EthernetMAC_IRQHandler
  313 0000001A         DMA_IRQHandler
  314 0000001A         Timer1_IRQHandler
  315 0000001A         Timer2_IRQHandler
  316 0000001A         CAN_IRQHandler
  317 0000001A         ENVM0_IRQHandler
  318 0000001A         ENVM1_IRQHandler
  319 0000001A         ComBlk_IRQHandler
  320 0000001A         USB_IRQHandler
  321 0000001A         USB_DMA_IRQHandler
  322 0000001A         PLL_Lock_IRQHandler
  323 0000001A         PLL_LockLost_IRQHandler
  324 0000001A         CommSwitchError_IRQHandler
  325 0000001A         CacheError_IRQHandler
  326 0000001A         DDR_IRQHandler
  327 0000001A         HPDMA_Complete_IRQHandler
  328 0000001A         HPDMA_Error_IRQHandler
  329 0000001A         ECC_Error_IRQHandler
  330 0000001A         MDDR_IOCalib_IRQHandler
  331 0000001A         FAB_PLL_Lock_IRQHandler
  332 0000001A         FAB_PLL_LockLost_IRQHandler
  333 0000001A         FIC64_IRQHandler
  334 0000001A         FabricIrq0_IRQHandler
  335 0000001A         FabricIrq1_IRQHandler
  336 0000001A         FabricIrq2_IRQHandler
  337 0000001A         FabricIrq3_IRQHandler
  338 0000001A         FabricIrq4_IRQHandler
  339 0000001A         FabricIrq5_IRQHandler
  340 0000001A         FabricIrq6_IRQHandler
  341 0000001A         FabricIrq7_IRQHandler
  342 0000001A         FabricIrq8_IRQHandler
  343 0000001A         FabricIrq9_IRQHandler
  344 0000001A         FabricIrq10_IRQHandler
  345 0000001A         FabricIrq11_IRQHandler



ARM Macro Assembler    Page 9 


  346 0000001A         FabricIrq12_IRQHandler
  347 0000001A         FabricIrq13_IRQHandler
  348 0000001A         FabricIrq14_IRQHandler
  349 0000001A         FabricIrq15_IRQHandler
  350 0000001A         GPIO0_IRQHandler
  351 0000001A         GPIO1_IRQHandler
  352 0000001A         GPIO2_IRQHandler
  353 0000001A         GPIO3_IRQHandler
  354 0000001A         GPIO4_IRQHandler
  355 0000001A         GPIO5_IRQHandler
  356 0000001A         GPIO6_IRQHandler
  357 0000001A         GPIO7_IRQHandler
  358 0000001A         GPIO8_IRQHandler
  359 0000001A         GPIO9_IRQHandler
  360 0000001A         GPIO10_IRQHandler
  361 0000001A         GPIO11_IRQHandler
  362 0000001A         GPIO12_IRQHandler
  363 0000001A         GPIO13_IRQHandler
  364 0000001A         GPIO14_IRQHandler
  365 0000001A         GPIO15_IRQHandler
  366 0000001A         GPIO16_IRQHandler
  367 0000001A         GPIO17_IRQHandler
  368 0000001A         GPIO18_IRQHandler
  369 0000001A         GPIO19_IRQHandler
  370 0000001A         GPIO20_IRQHandler
  371 0000001A         GPIO21_IRQHandler
  372 0000001A         GPIO22_IRQHandler
  373 0000001A         GPIO23_IRQHandler
  374 0000001A         GPIO24_IRQHandler
  375 0000001A         GPIO25_IRQHandler
  376 0000001A         GPIO26_IRQHandler
  377 0000001A         GPIO27_IRQHandler
  378 0000001A         GPIO28_IRQHandler
  379 0000001A         GPIO29_IRQHandler
  380 0000001A         GPIO30_IRQHandler
  381 0000001A         GPIO31_IRQHandler
  382 0000001A E7FE            B                .
  383 0000001C         
  384 0000001C                 ENDP
  385 0000001C         
  386 0000001C         mscc_post_hw_cfg_init
                               PROC
  387 0000001C                 EXPORT           mscc_post_hw_cfg_init          
 [WEAK]
  388 0000001C 4770            BX               LR
  389 0000001E                 ENDP
  390 0000001E         
  391 0000001E 00 00           ALIGN
  392 00000020         
  393 00000020         
  394 00000020         ;-------------------------------------------------------
                       ------------------------
  395 00000020         ; User Initial Stack & Heap
  396 00000020         
  397 00000020                 IF               :DEF:__MICROLIB
  404 00000020         
  405 00000020                 IMPORT           __use_two_region_memory
  406 00000020                 EXPORT           __user_initial_stackheap
  407 00000020         __user_initial_stackheap



ARM Macro Assembler    Page 10 


  408 00000020         
  409 00000020 4804            LDR              R0, =  Heap_Mem
  410 00000022 4905            LDR              R1, =(Stack_Mem + Stack_Size)
  411 00000024 4A05            LDR              R2, = (Heap_Mem +  Heap_Size)
  412 00000026 4B06            LDR              R3, = Stack_Mem
  413 00000028 4770            BX               LR
  414 0000002A         
  415 0000002A 00 00           ALIGN
  416 0000002C         
  417 0000002C                 ENDIF
  418 0000002C         
  419 0000002C         
  420 0000002C                 END
              00000000 
              00000000 
              00000000 
              00002000 
              00000800 
              00000000 
Command Line: --debug --xref --diag_suppress=9931 --cpu=Cortex-M3 --apcs=interw
ork --depend=.\objects\startup_m2sxxx.d -o.\objects\startup_m2sxxx.o -I./ -I./C
MSIS -I./CMSIS/startup_arm -I./drivers -I./drivers/mss_gpio -I./drivers/mss_hpd
ma -I./drivers/mss_nvm -I./drivers/mss_pdma -I./drivers/mss_sys_services -I./dr
ivers/mss_timer -I./drivers/mss_uart -I./drivers/mss_watchdog -I./drivers_confi
g -I./drivers_config/sys_config -I./hal -I./hal/CortexM3 -I./hal/CortexM3/Keil 
-ID:\MDK\Packs\ARM\Cortex_DFP\1.1.0\Device\ARMCM3\Include -ID:\MDK\Packs\ARM\Co
rtex_DFP\1.1.0\Device\ARM\ARMCM3\Include --predefine="__UVISION_VERSION SETA 54
0" --predefine="ARMCM3 SETA 1" --list=.\listings\startup_m2sxxx.lst CMSIS\start
up_arm\startup_m2sxxx.s



ARM Macro Assembler    Page 1 Alphabetic symbol ordering
Relocatable symbols

STACK 00000000

Symbol: STACK
   Definitions
      At line 19 in file CMSIS\startup_arm\startup_m2sxxx.s
   Uses
      None
Comment: STACK unused
Stack_Mem 00000000

Symbol: Stack_Mem
   Definitions
      At line 20 in file CMSIS\startup_arm\startup_m2sxxx.s
   Uses
      At line 410 in file CMSIS\startup_arm\startup_m2sxxx.s
      At line 412 in file CMSIS\startup_arm\startup_m2sxxx.s

__initial_sp 00002000

Symbol: __initial_sp
   Definitions
      At line 21 in file CMSIS\startup_arm\startup_m2sxxx.s
   Uses
      At line 47 in file CMSIS\startup_arm\startup_m2sxxx.s
Comment: __initial_sp used once
3 symbols



ARM Macro Assembler    Page 1 Alphabetic symbol ordering
Relocatable symbols

HEAP 00000000

Symbol: HEAP
   Definitions
      At line 30 in file CMSIS\startup_arm\startup_m2sxxx.s
   Uses
      None
Comment: HEAP unused
Heap_Mem 00000000

Symbol: Heap_Mem
   Definitions
      At line 32 in file CMSIS\startup_arm\startup_m2sxxx.s
   Uses
      At line 409 in file CMSIS\startup_arm\startup_m2sxxx.s
      At line 411 in file CMSIS\startup_arm\startup_m2sxxx.s

__heap_base 00000000

Symbol: __heap_base
   Definitions
      At line 31 in file CMSIS\startup_arm\startup_m2sxxx.s
   Uses
      None
Comment: __heap_base unused
__heap_limit 00000800

Symbol: __heap_limit
   Definitions
      At line 33 in file CMSIS\startup_arm\startup_m2sxxx.s
   Uses
      None
Comment: __heap_limit unused
4 symbols



ARM Macro Assembler    Page 1 Alphabetic symbol ordering
Relocatable symbols

RESET 00000000

Symbol: RESET
   Definitions
      At line 42 in file CMSIS\startup_arm\startup_m2sxxx.s
   Uses
      None
Comment: RESET unused
__Vectors 00000000

Symbol: __Vectors
   Definitions
      At line 47 in file CMSIS\startup_arm\startup_m2sxxx.s
   Uses
      At line 43 in file CMSIS\startup_arm\startup_m2sxxx.s
      At line 150 in file CMSIS\startup_arm\startup_m2sxxx.s

__Vectors_End 00000188

Symbol: __Vectors_End
   Definitions
      At line 148 in file CMSIS\startup_arm\startup_m2sxxx.s
   Uses
      At line 44 in file CMSIS\startup_arm\startup_m2sxxx.s
      At line 150 in file CMSIS\startup_arm\startup_m2sxxx.s

3 symbols



ARM Macro Assembler    Page 1 Alphabetic symbol ordering
Relocatable symbols

.text 00000000

Symbol: .text
   Definitions
      At line 152 in file CMSIS\startup_arm\startup_m2sxxx.s
   Uses
      None
Comment: .text unused
BusFault_Handler 0000000E

Symbol: BusFault_Handler
   Definitions
      At line 187 in file CMSIS\startup_arm\startup_m2sxxx.s
   Uses
      At line 52 in file CMSIS\startup_arm\startup_m2sxxx.s
      At line 188 in file CMSIS\startup_arm\startup_m2sxxx.s

CAN_IRQHandler 0000001A

Symbol: CAN_IRQHandler
   Definitions
      At line 316 in file CMSIS\startup_arm\startup_m2sxxx.s
   Uses
      At line 81 in file CMSIS\startup_arm\startup_m2sxxx.s
      At line 232 in file CMSIS\startup_arm\startup_m2sxxx.s

CacheError_IRQHandler 0000001A

Symbol: CacheError_IRQHandler
   Definitions
      At line 325 in file CMSIS\startup_arm\startup_m2sxxx.s
   Uses
      At line 90 in file CMSIS\startup_arm\startup_m2sxxx.s
      At line 241 in file CMSIS\startup_arm\startup_m2sxxx.s

ComBlk_IRQHandler 0000001A

Symbol: ComBlk_IRQHandler
   Definitions
      At line 319 in file CMSIS\startup_arm\startup_m2sxxx.s
   Uses
      At line 84 in file CMSIS\startup_arm\startup_m2sxxx.s
      At line 235 in file CMSIS\startup_arm\startup_m2sxxx.s

CommSwitchError_IRQHandler 0000001A

Symbol: CommSwitchError_IRQHandler
   Definitions
      At line 324 in file CMSIS\startup_arm\startup_m2sxxx.s
   Uses
      At line 89 in file CMSIS\startup_arm\startup_m2sxxx.s
      At line 240 in file CMSIS\startup_arm\startup_m2sxxx.s

DDR_IRQHandler 0000001A

Symbol: DDR_IRQHandler
   Definitions
      At line 326 in file CMSIS\startup_arm\startup_m2sxxx.s
   Uses



ARM Macro Assembler    Page 2 Alphabetic symbol ordering
Relocatable symbols

      At line 91 in file CMSIS\startup_arm\startup_m2sxxx.s
      At line 242 in file CMSIS\startup_arm\startup_m2sxxx.s

DMA_IRQHandler 0000001A

Symbol: DMA_IRQHandler
   Definitions
      At line 313 in file CMSIS\startup_arm\startup_m2sxxx.s
   Uses
      At line 78 in file CMSIS\startup_arm\startup_m2sxxx.s
      At line 229 in file CMSIS\startup_arm\startup_m2sxxx.s

DebugMon_Handler 00000014

Symbol: DebugMon_Handler
   Definitions
      At line 201 in file CMSIS\startup_arm\startup_m2sxxx.s
   Uses
      At line 59 in file CMSIS\startup_arm\startup_m2sxxx.s
      At line 202 in file CMSIS\startup_arm\startup_m2sxxx.s

Default_Handler 0000001A

Symbol: Default_Handler
   Definitions
      At line 214 in file CMSIS\startup_arm\startup_m2sxxx.s
   Uses
      None
Comment: Default_Handler unused
ECC_Error_IRQHandler 0000001A

Symbol: ECC_Error_IRQHandler
   Definitions
      At line 329 in file CMSIS\startup_arm\startup_m2sxxx.s
   Uses
      At line 94 in file CMSIS\startup_arm\startup_m2sxxx.s
      At line 245 in file CMSIS\startup_arm\startup_m2sxxx.s

ENVM0_IRQHandler 0000001A

Symbol: ENVM0_IRQHandler
   Definitions
      At line 317 in file CMSIS\startup_arm\startup_m2sxxx.s
   Uses
      At line 82 in file CMSIS\startup_arm\startup_m2sxxx.s
      At line 233 in file CMSIS\startup_arm\startup_m2sxxx.s

ENVM1_IRQHandler 0000001A

Symbol: ENVM1_IRQHandler
   Definitions
      At line 318 in file CMSIS\startup_arm\startup_m2sxxx.s
   Uses
      At line 83 in file CMSIS\startup_arm\startup_m2sxxx.s
      At line 234 in file CMSIS\startup_arm\startup_m2sxxx.s

EthernetMAC_IRQHandler 0000001A

Symbol: EthernetMAC_IRQHandler



ARM Macro Assembler    Page 3 Alphabetic symbol ordering
Relocatable symbols

   Definitions
      At line 312 in file CMSIS\startup_arm\startup_m2sxxx.s
   Uses
      At line 77 in file CMSIS\startup_arm\startup_m2sxxx.s
      At line 228 in file CMSIS\startup_arm\startup_m2sxxx.s

FAB_PLL_LockLost_IRQHandler 0000001A

Symbol: FAB_PLL_LockLost_IRQHandler
   Definitions
      At line 332 in file CMSIS\startup_arm\startup_m2sxxx.s
   Uses
      At line 97 in file CMSIS\startup_arm\startup_m2sxxx.s
      At line 248 in file CMSIS\startup_arm\startup_m2sxxx.s

FAB_PLL_Lock_IRQHandler 0000001A

Symbol: FAB_PLL_Lock_IRQHandler
   Definitions
      At line 331 in file CMSIS\startup_arm\startup_m2sxxx.s
   Uses
      At line 96 in file CMSIS\startup_arm\startup_m2sxxx.s
      At line 247 in file CMSIS\startup_arm\startup_m2sxxx.s

FIC64_IRQHandler 0000001A

Symbol: FIC64_IRQHandler
   Definitions
      At line 333 in file CMSIS\startup_arm\startup_m2sxxx.s
   Uses
      At line 98 in file CMSIS\startup_arm\startup_m2sxxx.s
      At line 249 in file CMSIS\startup_arm\startup_m2sxxx.s

FabricIrq0_IRQHandler 0000001A

Symbol: FabricIrq0_IRQHandler
   Definitions
      At line 334 in file CMSIS\startup_arm\startup_m2sxxx.s
   Uses
      At line 99 in file CMSIS\startup_arm\startup_m2sxxx.s
      At line 250 in file CMSIS\startup_arm\startup_m2sxxx.s

FabricIrq10_IRQHandler 0000001A

Symbol: FabricIrq10_IRQHandler
   Definitions
      At line 344 in file CMSIS\startup_arm\startup_m2sxxx.s
   Uses
      At line 109 in file CMSIS\startup_arm\startup_m2sxxx.s
      At line 260 in file CMSIS\startup_arm\startup_m2sxxx.s

FabricIrq11_IRQHandler 0000001A

Symbol: FabricIrq11_IRQHandler
   Definitions
      At line 345 in file CMSIS\startup_arm\startup_m2sxxx.s
   Uses
      At line 110 in file CMSIS\startup_arm\startup_m2sxxx.s
      At line 261 in file CMSIS\startup_arm\startup_m2sxxx.s



ARM Macro Assembler    Page 4 Alphabetic symbol ordering
Relocatable symbols


FabricIrq12_IRQHandler 0000001A

Symbol: FabricIrq12_IRQHandler
   Definitions
      At line 346 in file CMSIS\startup_arm\startup_m2sxxx.s
   Uses
      At line 111 in file CMSIS\startup_arm\startup_m2sxxx.s
      At line 262 in file CMSIS\startup_arm\startup_m2sxxx.s

FabricIrq13_IRQHandler 0000001A

Symbol: FabricIrq13_IRQHandler
   Definitions
      At line 347 in file CMSIS\startup_arm\startup_m2sxxx.s
   Uses
      At line 112 in file CMSIS\startup_arm\startup_m2sxxx.s
      At line 263 in file CMSIS\startup_arm\startup_m2sxxx.s

FabricIrq14_IRQHandler 0000001A

Symbol: FabricIrq14_IRQHandler
   Definitions
      At line 348 in file CMSIS\startup_arm\startup_m2sxxx.s
   Uses
      At line 113 in file CMSIS\startup_arm\startup_m2sxxx.s
      At line 264 in file CMSIS\startup_arm\startup_m2sxxx.s

FabricIrq15_IRQHandler 0000001A

Symbol: FabricIrq15_IRQHandler
   Definitions
      At line 349 in file CMSIS\startup_arm\startup_m2sxxx.s
   Uses
      At line 114 in file CMSIS\startup_arm\startup_m2sxxx.s
      At line 265 in file CMSIS\startup_arm\startup_m2sxxx.s

FabricIrq1_IRQHandler 0000001A

Symbol: FabricIrq1_IRQHandler
   Definitions
      At line 335 in file CMSIS\startup_arm\startup_m2sxxx.s
   Uses
      At line 100 in file CMSIS\startup_arm\startup_m2sxxx.s
      At line 251 in file CMSIS\startup_arm\startup_m2sxxx.s

FabricIrq2_IRQHandler 0000001A

Symbol: FabricIrq2_IRQHandler
   Definitions
      At line 336 in file CMSIS\startup_arm\startup_m2sxxx.s
   Uses
      At line 101 in file CMSIS\startup_arm\startup_m2sxxx.s
      At line 252 in file CMSIS\startup_arm\startup_m2sxxx.s

FabricIrq3_IRQHandler 0000001A

Symbol: FabricIrq3_IRQHandler
   Definitions



ARM Macro Assembler    Page 5 Alphabetic symbol ordering
Relocatable symbols

      At line 337 in file CMSIS\startup_arm\startup_m2sxxx.s
   Uses
      At line 102 in file CMSIS\startup_arm\startup_m2sxxx.s
      At line 253 in file CMSIS\startup_arm\startup_m2sxxx.s

FabricIrq4_IRQHandler 0000001A

Symbol: FabricIrq4_IRQHandler
   Definitions
      At line 338 in file CMSIS\startup_arm\startup_m2sxxx.s
   Uses
      At line 103 in file CMSIS\startup_arm\startup_m2sxxx.s
      At line 254 in file CMSIS\startup_arm\startup_m2sxxx.s

FabricIrq5_IRQHandler 0000001A

Symbol: FabricIrq5_IRQHandler
   Definitions
      At line 339 in file CMSIS\startup_arm\startup_m2sxxx.s
   Uses
      At line 104 in file CMSIS\startup_arm\startup_m2sxxx.s
      At line 255 in file CMSIS\startup_arm\startup_m2sxxx.s

FabricIrq6_IRQHandler 0000001A

Symbol: FabricIrq6_IRQHandler
   Definitions
      At line 340 in file CMSIS\startup_arm\startup_m2sxxx.s
   Uses
      At line 105 in file CMSIS\startup_arm\startup_m2sxxx.s
      At line 256 in file CMSIS\startup_arm\startup_m2sxxx.s

FabricIrq7_IRQHandler 0000001A

Symbol: FabricIrq7_IRQHandler
   Definitions
      At line 341 in file CMSIS\startup_arm\startup_m2sxxx.s
   Uses
      At line 106 in file CMSIS\startup_arm\startup_m2sxxx.s
      At line 257 in file CMSIS\startup_arm\startup_m2sxxx.s

FabricIrq8_IRQHandler 0000001A

Symbol: FabricIrq8_IRQHandler
   Definitions
      At line 342 in file CMSIS\startup_arm\startup_m2sxxx.s
   Uses
      At line 107 in file CMSIS\startup_arm\startup_m2sxxx.s
      At line 258 in file CMSIS\startup_arm\startup_m2sxxx.s

FabricIrq9_IRQHandler 0000001A

Symbol: FabricIrq9_IRQHandler
   Definitions
      At line 343 in file CMSIS\startup_arm\startup_m2sxxx.s
   Uses
      At line 108 in file CMSIS\startup_arm\startup_m2sxxx.s
      At line 259 in file CMSIS\startup_arm\startup_m2sxxx.s




ARM Macro Assembler    Page 6 Alphabetic symbol ordering
Relocatable symbols

GPIO0_IRQHandler 0000001A

Symbol: GPIO0_IRQHandler
   Definitions
      At line 350 in file CMSIS\startup_arm\startup_m2sxxx.s
   Uses
      At line 115 in file CMSIS\startup_arm\startup_m2sxxx.s
      At line 266 in file CMSIS\startup_arm\startup_m2sxxx.s

GPIO10_IRQHandler 0000001A

Symbol: GPIO10_IRQHandler
   Definitions
      At line 360 in file CMSIS\startup_arm\startup_m2sxxx.s
   Uses
      At line 125 in file CMSIS\startup_arm\startup_m2sxxx.s
      At line 276 in file CMSIS\startup_arm\startup_m2sxxx.s

GPIO11_IRQHandler 0000001A

Symbol: GPIO11_IRQHandler
   Definitions
      At line 361 in file CMSIS\startup_arm\startup_m2sxxx.s
   Uses
      At line 126 in file CMSIS\startup_arm\startup_m2sxxx.s
      At line 277 in file CMSIS\startup_arm\startup_m2sxxx.s

GPIO12_IRQHandler 0000001A

Symbol: GPIO12_IRQHandler
   Definitions
      At line 362 in file CMSIS\startup_arm\startup_m2sxxx.s
   Uses
      At line 127 in file CMSIS\startup_arm\startup_m2sxxx.s
      At line 278 in file CMSIS\startup_arm\startup_m2sxxx.s

GPIO13_IRQHandler 0000001A

Symbol: GPIO13_IRQHandler
   Definitions
      At line 363 in file CMSIS\startup_arm\startup_m2sxxx.s
   Uses
      At line 128 in file CMSIS\startup_arm\startup_m2sxxx.s
      At line 279 in file CMSIS\startup_arm\startup_m2sxxx.s

GPIO14_IRQHandler 0000001A

Symbol: GPIO14_IRQHandler
   Definitions
      At line 364 in file CMSIS\startup_arm\startup_m2sxxx.s
   Uses
      At line 129 in file CMSIS\startup_arm\startup_m2sxxx.s
      At line 280 in file CMSIS\startup_arm\startup_m2sxxx.s

GPIO15_IRQHandler 0000001A

Symbol: GPIO15_IRQHandler
   Definitions
      At line 365 in file CMSIS\startup_arm\startup_m2sxxx.s



ARM Macro Assembler    Page 7 Alphabetic symbol ordering
Relocatable symbols

   Uses
      At line 130 in file CMSIS\startup_arm\startup_m2sxxx.s
      At line 281 in file CMSIS\startup_arm\startup_m2sxxx.s

GPIO16_IRQHandler 0000001A

Symbol: GPIO16_IRQHandler
   Definitions
      At line 366 in file CMSIS\startup_arm\startup_m2sxxx.s
   Uses
      At line 131 in file CMSIS\startup_arm\startup_m2sxxx.s
      At line 282 in file CMSIS\startup_arm\startup_m2sxxx.s

GPIO17_IRQHandler 0000001A

Symbol: GPIO17_IRQHandler
   Definitions
      At line 367 in file CMSIS\startup_arm\startup_m2sxxx.s
   Uses
      At line 132 in file CMSIS\startup_arm\startup_m2sxxx.s
      At line 283 in file CMSIS\startup_arm\startup_m2sxxx.s

GPIO18_IRQHandler 0000001A

Symbol: GPIO18_IRQHandler
   Definitions
      At line 368 in file CMSIS\startup_arm\startup_m2sxxx.s
   Uses
      At line 133 in file CMSIS\startup_arm\startup_m2sxxx.s
      At line 284 in file CMSIS\startup_arm\startup_m2sxxx.s

GPIO19_IRQHandler 0000001A

Symbol: GPIO19_IRQHandler
   Definitions
      At line 369 in file CMSIS\startup_arm\startup_m2sxxx.s
   Uses
      At line 134 in file CMSIS\startup_arm\startup_m2sxxx.s
      At line 285 in file CMSIS\startup_arm\startup_m2sxxx.s

GPIO1_IRQHandler 0000001A

Symbol: GPIO1_IRQHandler
   Definitions
      At line 351 in file CMSIS\startup_arm\startup_m2sxxx.s
   Uses
      At line 116 in file CMSIS\startup_arm\startup_m2sxxx.s
      At line 267 in file CMSIS\startup_arm\startup_m2sxxx.s

GPIO20_IRQHandler 0000001A

Symbol: GPIO20_IRQHandler
   Definitions
      At line 370 in file CMSIS\startup_arm\startup_m2sxxx.s
   Uses
      At line 135 in file CMSIS\startup_arm\startup_m2sxxx.s
      At line 286 in file CMSIS\startup_arm\startup_m2sxxx.s

GPIO21_IRQHandler 0000001A



ARM Macro Assembler    Page 8 Alphabetic symbol ordering
Relocatable symbols


Symbol: GPIO21_IRQHandler
   Definitions
      At line 371 in file CMSIS\startup_arm\startup_m2sxxx.s
   Uses
      At line 136 in file CMSIS\startup_arm\startup_m2sxxx.s
      At line 287 in file CMSIS\startup_arm\startup_m2sxxx.s

GPIO22_IRQHandler 0000001A

Symbol: GPIO22_IRQHandler
   Definitions
      At line 372 in file CMSIS\startup_arm\startup_m2sxxx.s
   Uses
      At line 137 in file CMSIS\startup_arm\startup_m2sxxx.s
      At line 288 in file CMSIS\startup_arm\startup_m2sxxx.s

GPIO23_IRQHandler 0000001A

Symbol: GPIO23_IRQHandler
   Definitions
      At line 373 in file CMSIS\startup_arm\startup_m2sxxx.s
   Uses
      At line 138 in file CMSIS\startup_arm\startup_m2sxxx.s
      At line 289 in file CMSIS\startup_arm\startup_m2sxxx.s

GPIO24_IRQHandler 0000001A

Symbol: GPIO24_IRQHandler
   Definitions
      At line 374 in file CMSIS\startup_arm\startup_m2sxxx.s
   Uses
      At line 139 in file CMSIS\startup_arm\startup_m2sxxx.s
      At line 290 in file CMSIS\startup_arm\startup_m2sxxx.s

GPIO25_IRQHandler 0000001A

Symbol: GPIO25_IRQHandler
   Definitions
      At line 375 in file CMSIS\startup_arm\startup_m2sxxx.s
   Uses
      At line 140 in file CMSIS\startup_arm\startup_m2sxxx.s
      At line 291 in file CMSIS\startup_arm\startup_m2sxxx.s

GPIO26_IRQHandler 0000001A

Symbol: GPIO26_IRQHandler
   Definitions
      At line 376 in file CMSIS\startup_arm\startup_m2sxxx.s
   Uses
      At line 141 in file CMSIS\startup_arm\startup_m2sxxx.s
      At line 292 in file CMSIS\startup_arm\startup_m2sxxx.s

GPIO27_IRQHandler 0000001A

Symbol: GPIO27_IRQHandler
   Definitions
      At line 377 in file CMSIS\startup_arm\startup_m2sxxx.s
   Uses



ARM Macro Assembler    Page 9 Alphabetic symbol ordering
Relocatable symbols

      At line 142 in file CMSIS\startup_arm\startup_m2sxxx.s
      At line 293 in file CMSIS\startup_arm\startup_m2sxxx.s

GPIO28_IRQHandler 0000001A

Symbol: GPIO28_IRQHandler
   Definitions
      At line 378 in file CMSIS\startup_arm\startup_m2sxxx.s
   Uses
      At line 143 in file CMSIS\startup_arm\startup_m2sxxx.s
      At line 294 in file CMSIS\startup_arm\startup_m2sxxx.s

GPIO29_IRQHandler 0000001A

Symbol: GPIO29_IRQHandler
   Definitions
      At line 379 in file CMSIS\startup_arm\startup_m2sxxx.s
   Uses
      At line 144 in file CMSIS\startup_arm\startup_m2sxxx.s
      At line 295 in file CMSIS\startup_arm\startup_m2sxxx.s

GPIO2_IRQHandler 0000001A

Symbol: GPIO2_IRQHandler
   Definitions
      At line 352 in file CMSIS\startup_arm\startup_m2sxxx.s
   Uses
      At line 117 in file CMSIS\startup_arm\startup_m2sxxx.s
      At line 268 in file CMSIS\startup_arm\startup_m2sxxx.s

GPIO30_IRQHandler 0000001A

Symbol: GPIO30_IRQHandler
   Definitions
      At line 380 in file CMSIS\startup_arm\startup_m2sxxx.s
   Uses
      At line 145 in file CMSIS\startup_arm\startup_m2sxxx.s
      At line 296 in file CMSIS\startup_arm\startup_m2sxxx.s

GPIO31_IRQHandler 0000001A

Symbol: GPIO31_IRQHandler
   Definitions
      At line 381 in file CMSIS\startup_arm\startup_m2sxxx.s
   Uses
      At line 146 in file CMSIS\startup_arm\startup_m2sxxx.s
      At line 297 in file CMSIS\startup_arm\startup_m2sxxx.s

GPIO3_IRQHandler 0000001A

Symbol: GPIO3_IRQHandler
   Definitions
      At line 353 in file CMSIS\startup_arm\startup_m2sxxx.s
   Uses
      At line 118 in file CMSIS\startup_arm\startup_m2sxxx.s
      At line 269 in file CMSIS\startup_arm\startup_m2sxxx.s

GPIO4_IRQHandler 0000001A




ARM Macro Assembler    Page 10 Alphabetic symbol ordering
Relocatable symbols

Symbol: GPIO4_IRQHandler
   Definitions
      At line 354 in file CMSIS\startup_arm\startup_m2sxxx.s
   Uses
      At line 119 in file CMSIS\startup_arm\startup_m2sxxx.s
      At line 270 in file CMSIS\startup_arm\startup_m2sxxx.s

GPIO5_IRQHandler 0000001A

Symbol: GPIO5_IRQHandler
   Definitions
      At line 355 in file CMSIS\startup_arm\startup_m2sxxx.s
   Uses
      At line 120 in file CMSIS\startup_arm\startup_m2sxxx.s
      At line 271 in file CMSIS\startup_arm\startup_m2sxxx.s

GPIO6_IRQHandler 0000001A

Symbol: GPIO6_IRQHandler
   Definitions
      At line 356 in file CMSIS\startup_arm\startup_m2sxxx.s
   Uses
      At line 121 in file CMSIS\startup_arm\startup_m2sxxx.s
      At line 272 in file CMSIS\startup_arm\startup_m2sxxx.s

GPIO7_IRQHandler 0000001A

Symbol: GPIO7_IRQHandler
   Definitions
      At line 357 in file CMSIS\startup_arm\startup_m2sxxx.s
   Uses
      At line 122 in file CMSIS\startup_arm\startup_m2sxxx.s
      At line 273 in file CMSIS\startup_arm\startup_m2sxxx.s

GPIO8_IRQHandler 0000001A

Symbol: GPIO8_IRQHandler
   Definitions
      At line 358 in file CMSIS\startup_arm\startup_m2sxxx.s
   Uses
      At line 123 in file CMSIS\startup_arm\startup_m2sxxx.s
      At line 274 in file CMSIS\startup_arm\startup_m2sxxx.s

GPIO9_IRQHandler 0000001A

Symbol: GPIO9_IRQHandler
   Definitions
      At line 359 in file CMSIS\startup_arm\startup_m2sxxx.s
   Uses
      At line 124 in file CMSIS\startup_arm\startup_m2sxxx.s
      At line 275 in file CMSIS\startup_arm\startup_m2sxxx.s

HPDMA_Complete_IRQHandler 0000001A

Symbol: HPDMA_Complete_IRQHandler
   Definitions
      At line 327 in file CMSIS\startup_arm\startup_m2sxxx.s
   Uses
      At line 92 in file CMSIS\startup_arm\startup_m2sxxx.s



ARM Macro Assembler    Page 11 Alphabetic symbol ordering
Relocatable symbols

      At line 243 in file CMSIS\startup_arm\startup_m2sxxx.s

HPDMA_Error_IRQHandler 0000001A

Symbol: HPDMA_Error_IRQHandler
   Definitions
      At line 328 in file CMSIS\startup_arm\startup_m2sxxx.s
   Uses
      At line 93 in file CMSIS\startup_arm\startup_m2sxxx.s
      At line 244 in file CMSIS\startup_arm\startup_m2sxxx.s

HardFault_Handler 0000000A

Symbol: HardFault_Handler
   Definitions
      At line 177 in file CMSIS\startup_arm\startup_m2sxxx.s
   Uses
      At line 50 in file CMSIS\startup_arm\startup_m2sxxx.s
      At line 178 in file CMSIS\startup_arm\startup_m2sxxx.s

I2C0_IRQHandler 0000001A

Symbol: I2C0_IRQHandler
   Definitions
      At line 304 in file CMSIS\startup_arm\startup_m2sxxx.s
   Uses
      At line 69 in file CMSIS\startup_arm\startup_m2sxxx.s
      At line 220 in file CMSIS\startup_arm\startup_m2sxxx.s

I2C0_SMBAlert_IRQHandler 0000001A

Symbol: I2C0_SMBAlert_IRQHandler
   Definitions
      At line 305 in file CMSIS\startup_arm\startup_m2sxxx.s
   Uses
      At line 70 in file CMSIS\startup_arm\startup_m2sxxx.s
      At line 221 in file CMSIS\startup_arm\startup_m2sxxx.s

I2C0_SMBus_IRQHandler 0000001A

Symbol: I2C0_SMBus_IRQHandler
   Definitions
      At line 306 in file CMSIS\startup_arm\startup_m2sxxx.s
   Uses
      At line 71 in file CMSIS\startup_arm\startup_m2sxxx.s
      At line 222 in file CMSIS\startup_arm\startup_m2sxxx.s

I2C1_IRQHandler 0000001A

Symbol: I2C1_IRQHandler
   Definitions
      At line 307 in file CMSIS\startup_arm\startup_m2sxxx.s
   Uses
      At line 72 in file CMSIS\startup_arm\startup_m2sxxx.s
      At line 223 in file CMSIS\startup_arm\startup_m2sxxx.s

I2C1_SMBAlert_IRQHandler 0000001A

Symbol: I2C1_SMBAlert_IRQHandler



ARM Macro Assembler    Page 12 Alphabetic symbol ordering
Relocatable symbols

   Definitions
      At line 308 in file CMSIS\startup_arm\startup_m2sxxx.s
   Uses
      At line 73 in file CMSIS\startup_arm\startup_m2sxxx.s
      At line 224 in file CMSIS\startup_arm\startup_m2sxxx.s

I2C1_SMBus_IRQHandler 0000001A

Symbol: I2C1_SMBus_IRQHandler
   Definitions
      At line 309 in file CMSIS\startup_arm\startup_m2sxxx.s
   Uses
      At line 74 in file CMSIS\startup_arm\startup_m2sxxx.s
      At line 225 in file CMSIS\startup_arm\startup_m2sxxx.s

MDDR_IOCalib_IRQHandler 0000001A

Symbol: MDDR_IOCalib_IRQHandler
   Definitions
      At line 330 in file CMSIS\startup_arm\startup_m2sxxx.s
   Uses
      At line 95 in file CMSIS\startup_arm\startup_m2sxxx.s
      At line 246 in file CMSIS\startup_arm\startup_m2sxxx.s

MemManage_Handler 0000000C

Symbol: MemManage_Handler
   Definitions
      At line 182 in file CMSIS\startup_arm\startup_m2sxxx.s
   Uses
      At line 51 in file CMSIS\startup_arm\startup_m2sxxx.s
      At line 183 in file CMSIS\startup_arm\startup_m2sxxx.s

NMI_Handler 00000008

Symbol: NMI_Handler
   Definitions
      At line 172 in file CMSIS\startup_arm\startup_m2sxxx.s
   Uses
      At line 49 in file CMSIS\startup_arm\startup_m2sxxx.s
      At line 173 in file CMSIS\startup_arm\startup_m2sxxx.s

OS_CPU_PendSVHandler 00000016

Symbol: OS_CPU_PendSVHandler
   Definitions
      At line 205 in file CMSIS\startup_arm\startup_m2sxxx.s
   Uses
      At line 61 in file CMSIS\startup_arm\startup_m2sxxx.s
      At line 206 in file CMSIS\startup_arm\startup_m2sxxx.s

OS_CPU_SysTickHandler 00000018

Symbol: OS_CPU_SysTickHandler
   Definitions
      At line 209 in file CMSIS\startup_arm\startup_m2sxxx.s
   Uses
      At line 62 in file CMSIS\startup_arm\startup_m2sxxx.s
      At line 210 in file CMSIS\startup_arm\startup_m2sxxx.s



ARM Macro Assembler    Page 13 Alphabetic symbol ordering
Relocatable symbols


PLL_LockLost_IRQHandler 0000001A

Symbol: PLL_LockLost_IRQHandler
   Definitions
      At line 323 in file CMSIS\startup_arm\startup_m2sxxx.s
   Uses
      At line 88 in file CMSIS\startup_arm\startup_m2sxxx.s
      At line 239 in file CMSIS\startup_arm\startup_m2sxxx.s

PLL_Lock_IRQHandler 0000001A

Symbol: PLL_Lock_IRQHandler
   Definitions
      At line 322 in file CMSIS\startup_arm\startup_m2sxxx.s
   Uses
      At line 87 in file CMSIS\startup_arm\startup_m2sxxx.s
      At line 238 in file CMSIS\startup_arm\startup_m2sxxx.s

RTC_Wakeup_IRQHandler 0000001A

Symbol: RTC_Wakeup_IRQHandler
   Definitions
      At line 301 in file CMSIS\startup_arm\startup_m2sxxx.s
   Uses
      At line 66 in file CMSIS\startup_arm\startup_m2sxxx.s
      At line 217 in file CMSIS\startup_arm\startup_m2sxxx.s

Reset_Handler 00000000

Symbol: Reset_Handler
   Definitions
      At line 159 in file CMSIS\startup_arm\startup_m2sxxx.s
   Uses
      At line 48 in file CMSIS\startup_arm\startup_m2sxxx.s
      At line 160 in file CMSIS\startup_arm\startup_m2sxxx.s

SPI0_IRQHandler 0000001A

Symbol: SPI0_IRQHandler
   Definitions
      At line 302 in file CMSIS\startup_arm\startup_m2sxxx.s
   Uses
      At line 67 in file CMSIS\startup_arm\startup_m2sxxx.s
      At line 218 in file CMSIS\startup_arm\startup_m2sxxx.s

SPI1_IRQHandler 0000001A

Symbol: SPI1_IRQHandler
   Definitions
      At line 303 in file CMSIS\startup_arm\startup_m2sxxx.s
   Uses
      At line 68 in file CMSIS\startup_arm\startup_m2sxxx.s
      At line 219 in file CMSIS\startup_arm\startup_m2sxxx.s

SVC_Handler 00000012

Symbol: SVC_Handler
   Definitions



ARM Macro Assembler    Page 14 Alphabetic symbol ordering
Relocatable symbols

      At line 196 in file CMSIS\startup_arm\startup_m2sxxx.s
   Uses
      At line 58 in file CMSIS\startup_arm\startup_m2sxxx.s
      At line 197 in file CMSIS\startup_arm\startup_m2sxxx.s

Timer1_IRQHandler 0000001A

Symbol: Timer1_IRQHandler
   Definitions
      At line 314 in file CMSIS\startup_arm\startup_m2sxxx.s
   Uses
      At line 79 in file CMSIS\startup_arm\startup_m2sxxx.s
      At line 230 in file CMSIS\startup_arm\startup_m2sxxx.s

Timer2_IRQHandler 0000001A

Symbol: Timer2_IRQHandler
   Definitions
      At line 315 in file CMSIS\startup_arm\startup_m2sxxx.s
   Uses
      At line 80 in file CMSIS\startup_arm\startup_m2sxxx.s
      At line 231 in file CMSIS\startup_arm\startup_m2sxxx.s

UART0_IRQHandler 0000001A

Symbol: UART0_IRQHandler
   Definitions
      At line 310 in file CMSIS\startup_arm\startup_m2sxxx.s
   Uses
      At line 75 in file CMSIS\startup_arm\startup_m2sxxx.s
      At line 226 in file CMSIS\startup_arm\startup_m2sxxx.s

UART1_IRQHandler 0000001A

Symbol: UART1_IRQHandler
   Definitions
      At line 311 in file CMSIS\startup_arm\startup_m2sxxx.s
   Uses
      At line 76 in file CMSIS\startup_arm\startup_m2sxxx.s
      At line 227 in file CMSIS\startup_arm\startup_m2sxxx.s

USB_DMA_IRQHandler 0000001A

Symbol: USB_DMA_IRQHandler
   Definitions
      At line 321 in file CMSIS\startup_arm\startup_m2sxxx.s
   Uses
      At line 86 in file CMSIS\startup_arm\startup_m2sxxx.s
      At line 237 in file CMSIS\startup_arm\startup_m2sxxx.s

USB_IRQHandler 0000001A

Symbol: USB_IRQHandler
   Definitions
      At line 320 in file CMSIS\startup_arm\startup_m2sxxx.s
   Uses
      At line 85 in file CMSIS\startup_arm\startup_m2sxxx.s
      At line 236 in file CMSIS\startup_arm\startup_m2sxxx.s




ARM Macro Assembler    Page 15 Alphabetic symbol ordering
Relocatable symbols

UsageFault_Handler 00000010

Symbol: UsageFault_Handler
   Definitions
      At line 192 in file CMSIS\startup_arm\startup_m2sxxx.s
   Uses
      At line 53 in file CMSIS\startup_arm\startup_m2sxxx.s
      At line 193 in file CMSIS\startup_arm\startup_m2sxxx.s

WdogWakeup_IRQHandler 0000001A

Symbol: WdogWakeup_IRQHandler
   Definitions
      At line 300 in file CMSIS\startup_arm\startup_m2sxxx.s
   Uses
      At line 65 in file CMSIS\startup_arm\startup_m2sxxx.s
      At line 216 in file CMSIS\startup_arm\startup_m2sxxx.s

__user_initial_stackheap 00000020

Symbol: __user_initial_stackheap
   Definitions
      At line 407 in file CMSIS\startup_arm\startup_m2sxxx.s
   Uses
      At line 406 in file CMSIS\startup_arm\startup_m2sxxx.s
Comment: __user_initial_stackheap used once
mscc_post_hw_cfg_init 0000001C

Symbol: mscc_post_hw_cfg_init
   Definitions
      At line 386 in file CMSIS\startup_arm\startup_m2sxxx.s
   Uses
      At line 387 in file CMSIS\startup_arm\startup_m2sxxx.s
Comment: mscc_post_hw_cfg_init used once
96 symbols



ARM Macro Assembler    Page 1 Alphabetic symbol ordering
Absolute symbols

Heap_Size 00000800

Symbol: Heap_Size
   Definitions
      At line 28 in file CMSIS\startup_arm\startup_m2sxxx.s
   Uses
      At line 32 in file CMSIS\startup_arm\startup_m2sxxx.s
      At line 411 in file CMSIS\startup_arm\startup_m2sxxx.s

Stack_Size 00002000

Symbol: Stack_Size
   Definitions
      At line 17 in file CMSIS\startup_arm\startup_m2sxxx.s
   Uses
      At line 20 in file CMSIS\startup_arm\startup_m2sxxx.s
      At line 410 in file CMSIS\startup_arm\startup_m2sxxx.s

__Vectors_Size 00000188

Symbol: __Vectors_Size
   Definitions
      At line 150 in file CMSIS\startup_arm\startup_m2sxxx.s
   Uses
      At line 45 in file CMSIS\startup_arm\startup_m2sxxx.s
Comment: __Vectors_Size used once
3 symbols



ARM Macro Assembler    Page 1 Alphabetic symbol ordering
External symbols

SystemInit 00000000

Symbol: SystemInit
   Definitions
      At line 161 in file CMSIS\startup_arm\startup_m2sxxx.s
   Uses
      At line 163 in file CMSIS\startup_arm\startup_m2sxxx.s
Comment: SystemInit used once
__main 00000000

Symbol: __main
   Definitions
      At line 162 in file CMSIS\startup_arm\startup_m2sxxx.s
   Uses
      At line 165 in file CMSIS\startup_arm\startup_m2sxxx.s
Comment: __main used once
__use_two_region_memory 00000000

Symbol: __use_two_region_memory
   Definitions
      At line 405 in file CMSIS\startup_arm\startup_m2sxxx.s
   Uses
      None
Comment: __use_two_region_memory unused
3 symbols
448 symbols in table
